DEB [20210726-13:58:26.888] thr=1   paramiko.transport: starting thread (client mode): 0xf1624bb0
DEB [20210726-13:58:26.889] thr=1   paramiko.transport: Local version/idstring: SSH-2.0-paramiko_2.7.2
DEB [20210726-13:58:27.006] thr=1   paramiko.transport: Remote version/idstring: SSH-2.0-RebexSSH_5.0.7805.0
INF [20210726-13:58:27.006] thr=1   paramiko.transport: Connected (version 2.0, client RebexSSH_5.0.7805.0)
DEB [20210726-13:58:27.175] thr=1   paramiko.transport: kex algos:['curve25519-sha256', 'curve25519-sha256@libssh.org', 'ecdh-sha2-nistp521', 'ecdh-sha2-nistp384', 'ecdh-sha2-nistp256', 'diffie-hellman-group16-sha512', 'diffie-hellman-group15-sha512', 'diffie-hellman-group-exchange-sha256', 'diffie-hellman-group14-sha256', 'diffie-hellman-group14-sha1', 'diffie-hellman-group-exchange-sha1'] server key:['ssh-ed25519', 'ecdsa-sha2-nistp256', 'rsa-sha2-512', 'ssh-rsa-sha256@ssh.com', 'rsa-sha2-256', 'ssh-rsa'] client encrypt:['aes256-gcm@openssh.com', 'aes128-gcm@openssh.com', 'aes256-ctr', 'aes256-cbc', 'aes192-ctr', 'aes192-cbc', 'aes128-ctr', 'aes128-cbc', 'chacha20-poly1305@openssh.com', 'twofish256-ctr', 'twofish192-ctr', 'twofish128-ctr'] server encrypt:['aes256-gcm@openssh.com', 'aes128-gcm@openssh.com', 'aes256-ctr', 'aes256-cbc', 'aes192-ctr', 'aes192-cbc', 'aes128-ctr', 'aes128-cbc', 'chacha20-poly1305@openssh.com', 'twofish256-ctr', 'twofish192-ctr', 'twofish128-ctr'] client mac:['hmac-sha2-512-etm@openssh.com', 'hmac-sha2-256-etm@openssh.com', 'hmac-sha2-512', 'hmac-sha2-256', 'hmac-sha1', 'hmac-sha1-96'] server mac:['hmac-sha2-512-etm@openssh.com', 'hmac-sha2-256-etm@openssh.com', 'hmac-sha2-512', 'hmac-sha2-256', 'hmac-sha1', 'hmac-sha1-96'] client compress:['none'] server compress:['none'] client lang:[''] server lang:[''] kex follows?False
DEB [20210726-13:58:27.176] thr=1   paramiko.transport: Kex agreed: curve25519-sha256@libssh.org
DEB [20210726-13:58:27.176] thr=1   paramiko.transport: HostKey agreed: ssh-ed25519
DEB [20210726-13:58:27.176] thr=1   paramiko.transport: Cipher agreed: aes128-ctr
DEB [20210726-13:58:27.176] thr=1   paramiko.transport: MAC agreed: hmac-sha2-256
DEB [20210726-13:58:27.176] thr=1   paramiko.transport: Compression agreed: none
DEB [20210726-13:58:27.621] thr=1   paramiko.transport: kex engine KexCurve25519 specified hash_algo <built-in function openssl_sha256>
DEB [20210726-13:58:27.739] thr=1   paramiko.transport: Switch to new keys ...
DEB [20210726-13:58:27.739] thr=2   paramiko.transport: Attempting password auth...
DEB [20210726-13:58:27.859] thr=1   paramiko.transport: userauth is OK
INF [20210726-13:58:27.982] thr=1   paramiko.transport: Authentication (password) successful!
DEB [20210726-13:58:27.982] thr=2   paramiko.transport: [chan 0] Max packet in: 32768 bytes
DEB [20210726-13:58:28.105] thr=1   paramiko.transport: [chan 0] Max packet out: 65536 bytes
DEB [20210726-13:58:28.105] thr=1   paramiko.transport: Secsh channel 0 opened.
DEB [20210726-13:58:28.396] thr=1   paramiko.transport: [chan 0] Sesch channel 0 request ok
INF [20210726-13:58:28.516] thr=2   paramiko.transport.sftp: [chan 0] Opened sftp connection (server version 3)
DEB [20210726-13:58:28.517] thr=2   paramiko.transport.sftp: [chan 0] listdir(b'.')
DEB [20210726-13:58:29.012] thr=2   paramiko.transport.sftp: [chan 0] lstat(b'aspnet_client')
DEB [20210726-13:58:29.132] thr=2   paramiko.transport.sftp: [chan 0] lstat(b'pub')
DEB [20210726-13:58:29.258] thr=2   paramiko.transport.sftp: [chan 0] lstat(b'readme.txt')
INF [20210726-13:58:29.378] thr=2   paramiko.transport.sftp: [chan 0] sftp session closed.
DEB [20210726-13:58:29.379] thr=2   paramiko.transport: [chan 0] EOF sent (0)
DEB [20210726-13:58:52.470] thr=1   paramiko.transport: starting thread (client mode): 0xbc784bb0
DEB [20210726-13:58:52.472] thr=1   paramiko.transport: Local version/idstring: SSH-2.0-paramiko_2.7.2
DEB [20210726-13:58:52.589] thr=1   paramiko.transport: Remote version/idstring: SSH-2.0-RebexSSH_5.0.7805.0
INF [20210726-13:58:52.589] thr=1   paramiko.transport: Connected (version 2.0, client RebexSSH_5.0.7805.0)
DEB [20210726-13:58:52.710] thr=1   paramiko.transport: kex algos:['curve25519-sha256', 'curve25519-sha256@libssh.org', 'ecdh-sha2-nistp521', 'ecdh-sha2-nistp384', 'ecdh-sha2-nistp256', 'diffie-hellman-group16-sha512', 'diffie-hellman-group15-sha512', 'diffie-hellman-group-exchange-sha256', 'diffie-hellman-group14-sha256', 'diffie-hellman-group14-sha1', 'diffie-hellman-group-exchange-sha1'] server key:['ssh-ed25519', 'ecdsa-sha2-nistp256', 'rsa-sha2-512', 'ssh-rsa-sha256@ssh.com', 'rsa-sha2-256', 'ssh-rsa'] client encrypt:['aes256-gcm@openssh.com', 'aes128-gcm@openssh.com', 'aes256-ctr', 'aes256-cbc', 'aes192-ctr', 'aes192-cbc', 'aes128-ctr', 'aes128-cbc', 'chacha20-poly1305@openssh.com', 'twofish256-ctr', 'twofish192-ctr', 'twofish128-ctr'] server encrypt:['aes256-gcm@openssh.com', 'aes128-gcm@openssh.com', 'aes256-ctr', 'aes256-cbc', 'aes192-ctr', 'aes192-cbc', 'aes128-ctr', 'aes128-cbc', 'chacha20-poly1305@openssh.com', 'twofish256-ctr', 'twofish192-ctr', 'twofish128-ctr'] client mac:['hmac-sha2-512-etm@openssh.com', 'hmac-sha2-256-etm@openssh.com', 'hmac-sha2-512', 'hmac-sha2-256', 'hmac-sha1', 'hmac-sha1-96'] server mac:['hmac-sha2-512-etm@openssh.com', 'hmac-sha2-256-etm@openssh.com', 'hmac-sha2-512', 'hmac-sha2-256', 'hmac-sha1', 'hmac-sha1-96'] client compress:['none'] server compress:['none'] client lang:[''] server lang:[''] kex follows?False
DEB [20210726-13:58:52.710] thr=1   paramiko.transport: Kex agreed: curve25519-sha256@libssh.org
DEB [20210726-13:58:52.710] thr=1   paramiko.transport: HostKey agreed: ssh-ed25519
DEB [20210726-13:58:52.710] thr=1   paramiko.transport: Cipher agreed: aes128-ctr
DEB [20210726-13:58:52.710] thr=1   paramiko.transport: MAC agreed: hmac-sha2-256
DEB [20210726-13:58:52.710] thr=1   paramiko.transport: Compression agreed: none
DEB [20210726-13:58:52.829] thr=1   paramiko.transport: kex engine KexCurve25519 specified hash_algo <built-in function openssl_sha256>
DEB [20210726-13:58:52.947] thr=1   paramiko.transport: Switch to new keys ...
DEB [20210726-13:58:52.947] thr=2   paramiko.transport: Attempting password auth...
DEB [20210726-13:58:53.074] thr=1   paramiko.transport: userauth is OK
INF [20210726-13:58:53.197] thr=1   paramiko.transport: Authentication (password) successful!
DEB [20210726-13:58:53.197] thr=2   paramiko.transport: [chan 0] Max packet in: 32768 bytes
DEB [20210726-13:58:53.317] thr=1   paramiko.transport: [chan 0] Max packet out: 65536 bytes
DEB [20210726-13:58:53.317] thr=1   paramiko.transport: Secsh channel 0 opened.
DEB [20210726-13:58:53.604] thr=1   paramiko.transport: [chan 0] Sesch channel 0 request ok
INF [20210726-13:58:53.723] thr=2   paramiko.transport.sftp: [chan 0] Opened sftp connection (server version 3)
DEB [20210726-13:58:53.724] thr=2   paramiko.transport.sftp: [chan 0] listdir(b'.')
DEB [20210726-13:58:54.204] thr=2   paramiko.transport.sftp: [chan 0] lstat(b'aspnet_client')
DEB [20210726-13:58:54.329] thr=2   paramiko.transport.sftp: [chan 0] lstat(b'pub')
DEB [20210726-13:58:54.447] thr=2   paramiko.transport.sftp: [chan 0] lstat(b'readme.txt')
INF [20210726-13:58:54.571] thr=2   paramiko.transport.sftp: [chan 0] sftp session closed.
DEB [20210726-13:58:54.571] thr=2   paramiko.transport: [chan 0] EOF sent (0)
